<?xml version="1.0" encoding="UTF-8"?>
<testsuites>
  <testsuite name="fastlane.lanes">
    
    
    
      
      <testcase classname="fastlane.lanes" name="0: default_platform" time="0.007989">
        
      </testcase>
    
      
      <testcase classname="fastlane.lanes" name="1: setup_circle_ci" time="0.003222">
        
      </testcase>
    
      
      <testcase classname="fastlane.lanes" name="2: jazzy" time="24.146715">
        
          <failure message="/Users/delotte/.fastlane/bin/bundle/lib/ruby/gems/2.2.0/gems/fastlane-2.125.2/fastlane/lib/fastlane/actions/actions_helper.rb:48:in `execute_action'&#10;/Users/delotte/.fastlane/bin/bundle/lib/ruby/gems/2.2.0/gems/fastlane-2.125.2/fastlane/lib/fastlane/runner.rb:235:in `block in execute_action'&#10;/Users/delotte/.fastlane/bin/bundle/lib/ruby/gems/2.2.0/gems/fastlane-2.125.2/fastlane/lib/fastlane/runner.rb:227:in `chdir'&#10;/Users/delotte/.fastlane/bin/bundle/lib/ruby/gems/2.2.0/gems/fastlane-2.125.2/fastlane/lib/fastlane/runner.rb:227:in `execute_action'&#10;/Users/delotte/.fastlane/bin/bundle/lib/ruby/gems/2.2.0/gems/fastlane-2.125.2/fastlane/lib/fastlane/runner.rb:157:in `trigger_action_by_name'&#10;/Users/delotte/.fastlane/bin/bundle/lib/ruby/gems/2.2.0/gems/fastlane-2.125.2/fastlane/lib/fastlane/fast_file.rb:154:in `method_missing'&#10;Fastfile:11:in `block (2 levels) in parsing_binding'&#10;/Users/delotte/.fastlane/bin/bundle/lib/ruby/gems/2.2.0/gems/fastlane-2.125.2/fastlane/lib/fastlane/lane.rb:33:in `call'&#10;/Users/delotte/.fastlane/bin/bundle/lib/ruby/gems/2.2.0/gems/fastlane-2.125.2/fastlane/lib/fastlane/lane.rb:33:in `call'&#10;/Users/delotte/.fastlane/bin/bundle/lib/ruby/gems/2.2.0/gems/fastlane-2.125.2/fastlane/lib/fastlane/runner.rb:49:in `block in execute'&#10;/Users/delotte/.fastlane/bin/bundle/lib/ruby/gems/2.2.0/gems/fastlane-2.125.2/fastlane/lib/fastlane/runner.rb:45:in `chdir'&#10;/Users/delotte/.fastlane/bin/bundle/lib/ruby/gems/2.2.0/gems/fastlane-2.125.2/fastlane/lib/fastlane/runner.rb:45:in `execute'&#10;/Users/delotte/.fastlane/bin/bundle/lib/ruby/gems/2.2.0/gems/fastlane-2.125.2/fastlane/lib/fastlane/lane_manager.rb:56:in `cruise_lane'&#10;/Users/delotte/.fastlane/bin/bundle/lib/ruby/gems/2.2.0/gems/fastlane-2.125.2/fastlane/lib/fastlane/command_line_handler.rb:36:in `handle'&#10;/Users/delotte/.fastlane/bin/bundle/lib/ruby/gems/2.2.0/gems/fastlane-2.125.2/fastlane/lib/fastlane/commands_generator.rb:108:in `block (2 levels) in run'&#10;/Users/delotte/.fastlane/bin/bundle/lib/ruby/gems/2.2.0/gems/commander-fastlane-4.4.6/lib/commander/command.rb:178:in `call'&#10;/Users/delotte/.fastlane/bin/bundle/lib/ruby/gems/2.2.0/gems/commander-fastlane-4.4.6/lib/commander/command.rb:178:in `call'&#10;/Users/delotte/.fastlane/bin/bundle/lib/ruby/gems/2.2.0/gems/commander-fastlane-4.4.6/lib/commander/command.rb:153:in `run'&#10;/Users/delotte/.fastlane/bin/bundle/lib/ruby/gems/2.2.0/gems/commander-fastlane-4.4.6/lib/commander/runner.rb:476:in `run_active_command'&#10;/Users/delotte/.fastlane/bin/bundle/lib/ruby/gems/2.2.0/gems/fastlane-2.125.2/fastlane_core/lib/fastlane_core/ui/fastlane_runner.rb:76:in `run!'&#10;/Users/delotte/.fastlane/bin/bundle/lib/ruby/gems/2.2.0/gems/commander-fastlane-4.4.6/lib/commander/delegates.rb:15:in `run!'&#10;/Users/delotte/.fastlane/bin/bundle/lib/ruby/gems/2.2.0/gems/fastlane-2.125.2/fastlane/lib/fastlane/commands_generator.rb:333:in `run'&#10;/Users/delotte/.fastlane/bin/bundle/lib/ruby/gems/2.2.0/gems/fastlane-2.125.2/fastlane/lib/fastlane/commands_generator.rb:41:in `start'&#10;/Users/delotte/.fastlane/bin/bundle/lib/ruby/gems/2.2.0/gems/fastlane-2.125.2/fastlane/lib/fastlane/cli_tools_distributor.rb:119:in `take_off'&#10;/Users/delotte/.fastlane/bin/bundle/lib/ruby/gems/2.2.0/gems/fastlane-2.125.2/bin/fastlane:23:in `&lt;top (required)&gt;'&#10;/Users/delotte/.fastlane/bin/bundle/bin/fastlane:22:in `load'&#10;/Users/delotte/.fastlane/bin/bundle/bin/fastlane:22:in `&lt;main&gt;'&#10;&#10;ERROR: Failed to build gem native extension.&#10;&#10;    current directory: /Users/delotte/.fastlane/bin/bundle/lib/ruby/gems/2.2.0/gems/redcarpet-3.4.0/ext/redcarpet&#10;/Users/delotte/.fastlane/bin/bundle/bin/ruby -r ./siteconf20190618-93519-1f5xb78.rb extconf.rb&#10;creating Makefile&#10;&#10;current directory: /Users/delotte/.fastlane/bin/bundle/lib/ruby/gems/2.2.0/gems/redcarpet-3.4.0/ext/redcarpet&#10;make &quot;DESTDIR=&quot; clean&#10;&#10;current directory: /Users/delotte/.fastlane/bin/bundle/lib/ruby/gems/2.2.0/gems/redcarpet-3.4.0/ext/redcarpet&#10;make &quot;DESTDIR=&quot;&#10;compiling buffer.c&#10;clang: warning: no such sysroot directory: '/Applications/Xcode-7.3.1.app/Contents/Developer/Platforms/MacOSX.platform/Developer/SDKs/MacOSX10.11.sdk' [-Wmissing-sysroot]&#10;buffer.c:29:10: fatal error: 'stdio.h' file not found&#10;#include &lt;stdio.h&gt;&#10;         ^~~~~~~~~&#10;1 error generated.&#10;make: *** [buffer.o] Error 1&#10;&#10;make failed, exit code 2&#10;&#10;Gem files will remain installed in /Users/delotte/.fastlane/bin/bundle/lib/ruby/gems/2.2.0/gems/redcarpet-3.4.0 for inspection.&#10;Results logged to /Users/delotte/.fastlane/bin/bundle/lib/ruby/gems/2.2.0/extensions/x86_64-darwin-15/2.2.0-static/redcarpet-3.4.0/gem_make.out&#10;" />
        
      </testcase>
    
  </testsuite>
</testsuites>
